This is pdfTeX, Version 3.14159265-2.6-1.40.17 (MiKTeX 2.9) (preloaded format=pdflatex 2016.8.16)  15 JUN 2017 15:23
entering extended mode
**./Final_Report.tex
(Final_Report.tex
LaTeX2e <2016/03/31> patch level 1
Babel <3.9r> and hyphenation patterns for 75 language(s) loaded.

("C:\Users\kocyb_000\AppData\Local\Programs\MiKTeX 2.9\tex\latex\base\article.c
ls"
Document Class: article 2014/09/29 v1.4h Standard LaTeX document class

("C:\Users\kocyb_000\AppData\Local\Programs\MiKTeX 2.9\tex\latex\base\size10.cl
o"
File: size10.clo 2014/09/29 v1.4h Standard LaTeX file (size option)
)
\c@part=\count79
\c@section=\count80
\c@subsection=\count81
\c@subsubsection=\count82
\c@paragraph=\count83
\c@subparagraph=\count84
\c@figure=\count85
\c@table=\count86
\abovecaptionskip=\skip41
\belowcaptionskip=\skip42
\bibindent=\dimen102
)
("C:\Users\kocyb_000\AppData\Local\Programs\MiKTeX 2.9\tex\latex\base\inputenc.
sty"
Package: inputenc 2015/03/17 v1.2c Input encoding file
\inpenc@prehook=\toks14
\inpenc@posthook=\toks15

("C:\Users\kocyb_000\AppData\Local\Programs\MiKTeX 2.9\tex\latex\base\utf8.def"
File: utf8.def 2016/02/28 v1.1s UTF-8 support for inputenc
Now handling font encoding OML ...
... no UTF-8 mapping file for font encoding OML
Now handling font encoding T1 ...
... processing UTF-8 mapping file for font encoding T1
("C:\Users\kocyb_000\AppData\Local\Programs\MiKTeX 2.9\tex\latex\base\t1enc.dfu
"
File: t1enc.dfu 2016/02/28 v1.1s UTF-8 support for inputenc
   defining Unicode char U+00A0 (decimal 160)
   defining Unicode char U+00A1 (decimal 161)
   defining Unicode char U+00A3 (decimal 163)
   defining Unicode char U+00AB (decimal 171)
   defining Unicode char U+00AD (decimal 173)
   defining Unicode char U+00BB (decimal 187)
   defining Unicode char U+00BF (decimal 191)
   defining Unicode char U+00C0 (decimal 192)
   defining Unicode char U+00C1 (decimal 193)
   defining Unicode char U+00C2 (decimal 194)
   defining Unicode char U+00C3 (decimal 195)
   defining Unicode char U+00C4 (decimal 196)
   defining Unicode char U+00C5 (decimal 197)
   defining Unicode char U+00C6 (decimal 198)
   defining Unicode char U+00C7 (decimal 199)
   defining Unicode char U+00C8 (decimal 200)
   defining Unicode char U+00C9 (decimal 201)
   defining Unicode char U+00CA (decimal 202)
   defining Unicode char U+00CB (decimal 203)
   defining Unicode char U+00CC (decimal 204)
   defining Unicode char U+00CD (decimal 205)
   defining Unicode char U+00CE (decimal 206)
   defining Unicode char U+00CF (decimal 207)
   defining Unicode char U+00D0 (decimal 208)
   defining Unicode char U+00D1 (decimal 209)
   defining Unicode char U+00D2 (decimal 210)
   defining Unicode char U+00D3 (decimal 211)
   defining Unicode char U+00D4 (decimal 212)
   defining Unicode char U+00D5 (decimal 213)
   defining Unicode char U+00D6 (decimal 214)
   defining Unicode char U+00D8 (decimal 216)
   defining Unicode char U+00D9 (decimal 217)
   defining Unicode char U+00DA (decimal 218)
   defining Unicode char U+00DB (decimal 219)
   defining Unicode char U+00DC (decimal 220)
   defining Unicode char U+00DD (decimal 221)
   defining Unicode char U+00DE (decimal 222)
   defining Unicode char U+00DF (decimal 223)
   defining Unicode char U+00E0 (decimal 224)
   defining Unicode char U+00E1 (decimal 225)
   defining Unicode char U+00E2 (decimal 226)
   defining Unicode char U+00E3 (decimal 227)
   defining Unicode char U+00E4 (decimal 228)
   defining Unicode char U+00E5 (decimal 229)
   defining Unicode char U+00E6 (decimal 230)
   defining Unicode char U+00E7 (decimal 231)
   defining Unicode char U+00E8 (decimal 232)
   defining Unicode char U+00E9 (decimal 233)
   defining Unicode char U+00EA (decimal 234)
   defining Unicode char U+00EB (decimal 235)
   defining Unicode char U+00EC (decimal 236)
   defining Unicode char U+00ED (decimal 237)
   defining Unicode char U+00EE (decimal 238)
   defining Unicode char U+00EF (decimal 239)
   defining Unicode char U+00F0 (decimal 240)
   defining Unicode char U+00F1 (decimal 241)
   defining Unicode char U+00F2 (decimal 242)
   defining Unicode char U+00F3 (decimal 243)
   defining Unicode char U+00F4 (decimal 244)
   defining Unicode char U+00F5 (decimal 245)
   defining Unicode char U+00F6 (decimal 246)
   defining Unicode char U+00F8 (decimal 248)
   defining Unicode char U+00F9 (decimal 249)
   defining Unicode char U+00FA (decimal 250)
   defining Unicode char U+00FB (decimal 251)
   defining Unicode char U+00FC (decimal 252)
   defining Unicode char U+00FD (decimal 253)
   defining Unicode char U+00FE (decimal 254)
   defining Unicode char U+00FF (decimal 255)
   defining Unicode char U+0100 (decimal 256)
   defining Unicode char U+0101 (decimal 257)
   defining Unicode char U+0102 (decimal 258)
   defining Unicode char U+0103 (decimal 259)
   defining Unicode char U+0104 (decimal 260)
   defining Unicode char U+0105 (decimal 261)
   defining Unicode char U+0106 (decimal 262)
   defining Unicode char U+0107 (decimal 263)
   defining Unicode char U+0108 (decimal 264)
   defining Unicode char U+0109 (decimal 265)
   defining Unicode char U+010A (decimal 266)
   defining Unicode char U+010B (decimal 267)
   defining Unicode char U+010C (decimal 268)
   defining Unicode char U+010D (decimal 269)
   defining Unicode char U+010E (decimal 270)
   defining Unicode char U+010F (decimal 271)
   defining Unicode char U+0110 (decimal 272)
   defining Unicode char U+0111 (decimal 273)
   defining Unicode char U+0112 (decimal 274)
   defining Unicode char U+0113 (decimal 275)
   defining Unicode char U+0114 (decimal 276)
   defining Unicode char U+0115 (decimal 277)
   defining Unicode char U+0116 (decimal 278)
   defining Unicode char U+0117 (decimal 279)
   defining Unicode char U+0118 (decimal 280)
   defining Unicode char U+0119 (decimal 281)
   defining Unicode char U+011A (decimal 282)
   defining Unicode char U+011B (decimal 283)
   defining Unicode char U+011C (decimal 284)
   defining Unicode char U+011D (decimal 285)
   defining Unicode char U+011E (decimal 286)
   defining Unicode char U+011F (decimal 287)
   defining Unicode char U+0120 (decimal 288)
   defining Unicode char U+0121 (decimal 289)
   defining Unicode char U+0122 (decimal 290)
   defining Unicode char U+0123 (decimal 291)
   defining Unicode char U+0124 (decimal 292)
   defining Unicode char U+0125 (decimal 293)
   defining Unicode char U+0128 (decimal 296)
   defining Unicode char U+0129 (decimal 297)
   defining Unicode char U+012A (decimal 298)
   defining Unicode char U+012B (decimal 299)
   defining Unicode char U+012C (decimal 300)
   defining Unicode char U+012D (decimal 301)
   defining Unicode char U+012E (decimal 302)
   defining Unicode char U+012F (decimal 303)
   defining Unicode char U+0130 (decimal 304)
   defining Unicode char U+0131 (decimal 305)
   defining Unicode char U+0132 (decimal 306)
   defining Unicode char U+0133 (decimal 307)
   defining Unicode char U+0134 (decimal 308)
   defining Unicode char U+0135 (decimal 309)
   defining Unicode char U+0136 (decimal 310)
   defining Unicode char U+0137 (decimal 311)
   defining Unicode char U+0139 (decimal 313)
   defining Unicode char U+013A (decimal 314)
   defining Unicode char U+013B (decimal 315)
   defining Unicode char U+013C (decimal 316)
   defining Unicode char U+013D (decimal 317)
   defining Unicode char U+013E (decimal 318)
   defining Unicode char U+0141 (decimal 321)
   defining Unicode char U+0142 (decimal 322)
   defining Unicode char U+0143 (decimal 323)
   defining Unicode char U+0144 (decimal 324)
   defining Unicode char U+0145 (decimal 325)
   defining Unicode char U+0146 (decimal 326)
   defining Unicode char U+0147 (decimal 327)
   defining Unicode char U+0148 (decimal 328)
   defining Unicode char U+014A (decimal 330)
   defining Unicode char U+014B (decimal 331)
   defining Unicode char U+014C (decimal 332)
   defining Unicode char U+014D (decimal 333)
   defining Unicode char U+014E (decimal 334)
   defining Unicode char U+014F (decimal 335)
   defining Unicode char U+0150 (decimal 336)
   defining Unicode char U+0151 (decimal 337)
   defining Unicode char U+0152 (decimal 338)
   defining Unicode char U+0153 (decimal 339)
   defining Unicode char U+0154 (decimal 340)
   defining Unicode char U+0155 (decimal 341)
   defining Unicode char U+0156 (decimal 342)
   defining Unicode char U+0157 (decimal 343)
   defining Unicode char U+0158 (decimal 344)
   defining Unicode char U+0159 (decimal 345)
   defining Unicode char U+015A (decimal 346)
   defining Unicode char U+015B (decimal 347)
   defining Unicode char U+015C (decimal 348)
   defining Unicode char U+015D (decimal 349)
   defining Unicode char U+015E (decimal 350)
   defining Unicode char U+015F (decimal 351)
   defining Unicode char U+0160 (decimal 352)
   defining Unicode char U+0161 (decimal 353)
   defining Unicode char U+0162 (decimal 354)
   defining Unicode char U+0163 (decimal 355)
   defining Unicode char U+0164 (decimal 356)
   defining Unicode char U+0165 (decimal 357)
   defining Unicode char U+0168 (decimal 360)
   defining Unicode char U+0169 (decimal 361)
   defining Unicode char U+016A (decimal 362)
   defining Unicode char U+016B (decimal 363)
   defining Unicode char U+016C (decimal 364)
   defining Unicode char U+016D (decimal 365)
   defining Unicode char U+016E (decimal 366)
   defining Unicode char U+016F (decimal 367)
   defining Unicode char U+0170 (decimal 368)
   defining Unicode char U+0171 (decimal 369)
   defining Unicode char U+0172 (decimal 370)
   defining Unicode char U+0173 (decimal 371)
   defining Unicode char U+0174 (decimal 372)
   defining Unicode char U+0175 (decimal 373)
   defining Unicode char U+0176 (decimal 374)
   defining Unicode char U+0177 (decimal 375)
   defining Unicode char U+0178 (decimal 376)
   defining Unicode char U+0179 (decimal 377)
   defining Unicode char U+017A (decimal 378)
   defining Unicode char U+017B (decimal 379)
   defining Unicode char U+017C (decimal 380)
   defining Unicode char U+017D (decimal 381)
   defining Unicode char U+017E (decimal 382)
   defining Unicode char U+01CD (decimal 461)
   defining Unicode char U+01CE (decimal 462)
   defining Unicode char U+01CF (decimal 463)
   defining Unicode char U+01D0 (decimal 464)
   defining Unicode char U+01D1 (decimal 465)
   defining Unicode char U+01D2 (decimal 466)
   defining Unicode char U+01D3 (decimal 467)
   defining Unicode char U+01D4 (decimal 468)
   defining Unicode char U+01E2 (decimal 482)
   defining Unicode char U+01E3 (decimal 483)
   defining Unicode char U+01E6 (decimal 486)
   defining Unicode char U+01E7 (decimal 487)
   defining Unicode char U+01E8 (decimal 488)
   defining Unicode char U+01E9 (decimal 489)
   defining Unicode char U+01EA (decimal 490)
   defining Unicode char U+01EB (decimal 491)
   defining Unicode char U+01F0 (decimal 496)
   defining Unicode char U+01F4 (decimal 500)
   defining Unicode char U+01F5 (decimal 501)
   defining Unicode char U+0218 (decimal 536)
   defining Unicode char U+0219 (decimal 537)
   defining Unicode char U+021A (decimal 538)
   defining Unicode char U+021B (decimal 539)
   defining Unicode char U+1E02 (decimal 7682)
   defining Unicode char U+1E03 (decimal 7683)
   defining Unicode char U+200C (decimal 8204)
   defining Unicode char U+2010 (decimal 8208)
   defining Unicode char U+2011 (decimal 8209)
   defining Unicode char U+2012 (decimal 8210)
   defining Unicode char U+2013 (decimal 8211)
   defining Unicode char U+2014 (decimal 8212)
   defining Unicode char U+2015 (decimal 8213)
   defining Unicode char U+2018 (decimal 8216)
   defining Unicode char U+2019 (decimal 8217)
   defining Unicode char U+201A (decimal 8218)
   defining Unicode char U+201C (decimal 8220)
   defining Unicode char U+201D (decimal 8221)
   defining Unicode char U+201E (decimal 8222)
   defining Unicode char U+2030 (decimal 8240)
   defining Unicode char U+2031 (decimal 8241)
   defining Unicode char U+2039 (decimal 8249)
   defining Unicode char U+203A (decimal 8250)
   defining Unicode char U+2423 (decimal 9251)
)
Now handling font encoding OT1 ...
... processing UTF-8 mapping file for font encoding OT1

("C:\Users\kocyb_000\AppData\Local\Programs\MiKTeX 2.9\tex\latex\base\ot1enc.df
u"
File: ot1enc.dfu 2016/02/28 v1.1s UTF-8 support for inputenc
   defining Unicode char U+00A0 (decimal 160)
   defining Unicode char U+00A1 (decimal 161)
   defining Unicode char U+00A3 (decimal 163)
   defining Unicode char U+00AD (decimal 173)
   defining Unicode char U+00B8 (decimal 184)
   defining Unicode char U+00BF (decimal 191)
   defining Unicode char U+00C5 (decimal 197)
   defining Unicode char U+00C6 (decimal 198)
   defining Unicode char U+00D8 (decimal 216)
   defining Unicode char U+00DF (decimal 223)
   defining Unicode char U+00E6 (decimal 230)
   defining Unicode char U+00EC (decimal 236)
   defining Unicode char U+00ED (decimal 237)
   defining Unicode char U+00EE (decimal 238)
   defining Unicode char U+00EF (decimal 239)
   defining Unicode char U+00F8 (decimal 248)
   defining Unicode char U+0131 (decimal 305)
   defining Unicode char U+0141 (decimal 321)
   defining Unicode char U+0142 (decimal 322)
   defining Unicode char U+0152 (decimal 338)
   defining Unicode char U+0153 (decimal 339)
   defining Unicode char U+0174 (decimal 372)
   defining Unicode char U+0175 (decimal 373)
   defining Unicode char U+0176 (decimal 374)
   defining Unicode char U+0177 (decimal 375)
   defining Unicode char U+0218 (decimal 536)
   defining Unicode char U+0219 (decimal 537)
   defining Unicode char U+021A (decimal 538)
   defining Unicode char U+021B (decimal 539)
   defining Unicode char U+2013 (decimal 8211)
   defining Unicode char U+2014 (decimal 8212)
   defining Unicode char U+2018 (decimal 8216)
   defining Unicode char U+2019 (decimal 8217)
   defining Unicode char U+201C (decimal 8220)
   defining Unicode char U+201D (decimal 8221)
)
Now handling font encoding OMS ...
... processing UTF-8 mapping file for font encoding OMS

("C:\Users\kocyb_000\AppData\Local\Programs\MiKTeX 2.9\tex\latex\base\omsenc.df
u"
File: omsenc.dfu 2016/02/28 v1.1s UTF-8 support for inputenc
   defining Unicode char U+00A7 (decimal 167)
   defining Unicode char U+00B6 (decimal 182)
   defining Unicode char U+00B7 (decimal 183)
   defining Unicode char U+2020 (decimal 8224)
   defining Unicode char U+2021 (decimal 8225)
   defining Unicode char U+2022 (decimal 8226)
)
Now handling font encoding OMX ...
... no UTF-8 mapping file for font encoding OMX
Now handling font encoding U ...
... no UTF-8 mapping file for font encoding U
   defining Unicode char U+00A9 (decimal 169)
   defining Unicode char U+00AA (decimal 170)
   defining Unicode char U+00AE (decimal 174)
   defining Unicode char U+00BA (decimal 186)
   defining Unicode char U+02C6 (decimal 710)
   defining Unicode char U+02DC (decimal 732)
   defining Unicode char U+200C (decimal 8204)
   defining Unicode char U+2026 (decimal 8230)
   defining Unicode char U+2122 (decimal 8482)
   defining Unicode char U+2423 (decimal 9251)
))
("C:\Users\kocyb_000\AppData\Local\Programs\MiKTeX 2.9\tex\latex\amsmath\amsmat
h.sty"
Package: amsmath 2016/03/10 v2.15b AMS math features
\@mathmargin=\skip43

For additional information on amsmath, use the `?' option.

("C:\Users\kocyb_000\AppData\Local\Programs\MiKTeX 2.9\tex\latex\amsmath\amstex
t.sty"
Package: amstext 2000/06/29 v2.01 AMS text

("C:\Users\kocyb_000\AppData\Local\Programs\MiKTeX 2.9\tex\latex\amsmath\amsgen
.sty"
File: amsgen.sty 1999/11/30 v2.0 generic functions
\@emptytoks=\toks16
\ex@=\dimen103
))
("C:\Users\kocyb_000\AppData\Local\Programs\MiKTeX 2.9\tex\latex\amsmath\amsbsy
.sty"
Package: amsbsy 1999/11/29 v1.2d Bold Symbols
\pmbraise@=\dimen104
)
("C:\Users\kocyb_000\AppData\Local\Programs\MiKTeX 2.9\tex\latex\amsmath\amsopn
.sty"
Package: amsopn 2016/03/08 v2.02 operator names
)
\inf@bad=\count87
LaTeX Info: Redefining \frac on input line 199.
\uproot@=\count88
\leftroot@=\count89
LaTeX Info: Redefining \overline on input line 297.
\classnum@=\count90
\DOTSCASE@=\count91
LaTeX Info: Redefining \ldots on input line 394.
LaTeX Info: Redefining \dots on input line 397.
LaTeX Info: Redefining \cdots on input line 518.
\Mathstrutbox@=\box26
\strutbox@=\box27
\big@size=\dimen105
LaTeX Font Info:    Redeclaring font encoding OML on input line 634.
LaTeX Font Info:    Redeclaring font encoding OMS on input line 635.
\macc@depth=\count92
\c@MaxMatrixCols=\count93
\dotsspace@=\muskip10
\c@parentequation=\count94
\dspbrk@lvl=\count95
\tag@help=\toks17
\row@=\count96
\column@=\count97
\maxfields@=\count98
\andhelp@=\toks18
\eqnshift@=\dimen106
\alignsep@=\dimen107
\tagshift@=\dimen108
\tagwidth@=\dimen109
\totwidth@=\dimen110
\lineht@=\dimen111
\@envbody=\toks19
\multlinegap=\skip44
\multlinetaggap=\skip45
\mathdisplay@stack=\toks20
LaTeX Info: Redefining \[ on input line 2739.
LaTeX Info: Redefining \] on input line 2740.
)
("C:\Users\kocyb_000\AppData\Local\Programs\MiKTeX 2.9\tex\latex\amsfonts\amsfo
nts.sty"
Package: amsfonts 2013/01/14 v3.01 Basic AMSFonts support
\symAMSa=\mathgroup4
\symAMSb=\mathgroup5
LaTeX Font Info:    Overwriting math alphabet `\mathfrak' in version `bold'
(Font)                  U/euf/m/n --> U/euf/b/n on input line 106.
)
("C:\Users\kocyb_000\AppData\Local\Programs\MiKTeX 2.9\tex\latex\amsfonts\amssy
mb.sty"
Package: amssymb 2013/01/14 v3.01 AMS font symbols
)
("C:\Users\kocyb_000\AppData\Local\Programs\MiKTeX 2.9\tex\latex\float\float.st
y"
Package: float 2001/11/08 v1.3d Float enhancements (AL)
\c@float@type=\count99
\float@exts=\toks21
\float@box=\box28
\@float@everytoks=\toks22
\@floatcapt=\box29
)
("C:\Users\kocyb_000\AppData\Local\Programs\MiKTeX 2.9\tex\latex\graphics\graph
icx.sty"
Package: graphicx 2014/10/28 v1.0g Enhanced LaTeX Graphics (DPC,SPQR)

("C:\Users\kocyb_000\AppData\Local\Programs\MiKTeX 2.9\tex\latex\graphics\keyva
l.sty"
Package: keyval 2014/10/28 v1.15 key=value parser (DPC)
\KV@toks@=\toks23
)
("C:\Users\kocyb_000\AppData\Local\Programs\MiKTeX 2.9\tex\latex\graphics\graph
ics.sty"
Package: graphics 2016/06/02 v1.0s Standard LaTeX Graphics (DPC,SPQR)

("C:\Users\kocyb_000\AppData\Local\Programs\MiKTeX 2.9\tex\latex\graphics\trig.
sty"
Package: trig 2016/01/03 v1.10 sin cos tan (DPC)
)
("C:\Users\kocyb_000\AppData\Local\Programs\MiKTeX 2.9\tex\latex\00miktex\graph
ics.cfg"
File: graphics.cfg 2016/06/04 v1.11 sample graphics configuration
)
Package graphics Info: Driver file: pdftex.def on input line 99.

("C:\Users\kocyb_000\AppData\Local\Programs\MiKTeX 2.9\tex\latex\pdftex-def\pdf
tex.def"
File: pdftex.def 2016/06/17 v0.06h Graphics/color for pdfTeX

("C:\Users\kocyb_000\AppData\Local\Programs\MiKTeX 2.9\tex\generic\oberdiek\inf
warerr.sty"
Package: infwarerr 2016/05/16 v1.4 Providing info/warning/error messages (HO)
)
("C:\Users\kocyb_000\AppData\Local\Programs\MiKTeX 2.9\tex\generic\oberdiek\ltx
cmds.sty"
Package: ltxcmds 2016/05/16 v1.23 LaTeX kernel commands for general use (HO)
)
\Gread@gobject=\count100
))
\Gin@req@height=\dimen112
\Gin@req@width=\dimen113
)
("C:\Users\kocyb_000\AppData\Local\Programs\MiKTeX 2.9\tex\latex\koma-script\sc
rextend.sty"
Package: scrextend 2016/06/14 v3.21 KOMA-Script package (extend other classes w
ith features of KOMA-Script classes)

("C:\Users\kocyb_000\AppData\Local\Programs\MiKTeX 2.9\tex\latex\koma-script\sc
rkbase.sty"
Package: scrkbase 2016/06/14 v3.21 KOMA-Script package (KOMA-Script-dependent b
asics and keyval usage)

("C:\Users\kocyb_000\AppData\Local\Programs\MiKTeX 2.9\tex\latex\koma-script\sc
rbase.sty"
Package: scrbase 2016/06/14 v3.21 KOMA-Script package (KOMA-Script-independent 
basics and keyval usage)

("C:\Users\kocyb_000\AppData\Local\Programs\MiKTeX 2.9\tex\latex\koma-script\sc
rlfile.sty"
Package: scrlfile 2016/06/14 v3.21 KOMA-Script package (loading files)

Package scrlfile, 2016/06/14 v3.21 KOMA-Script package (loading files)
                  Copyright (C) Markus Kohm

)))
LaTeX Info: Redefining \textsubscript on input line 1293.
)
("C:\Users\kocyb_000\AppData\Local\Programs\MiKTeX 2.9\tex\latex\wrapfig\wrapfi
g.sty"
\wrapoverhang=\dimen114
\WF@size=\dimen115
\c@WF@wrappedlines=\count101
\WF@box=\box30
\WF@everypar=\toks24
Package: wrapfig 2003/01/31  v 3.6
)
("C:\Users\kocyb_000\AppData\Local\Programs\MiKTeX 2.9\tex\latex\enumitem\enumi
tem.sty"
Package: enumitem 2011/09/28 v3.5.2 Customized lists
\labelindent=\skip46
\enit@outerparindent=\dimen116
\enit@toks=\toks25
\enit@inbox=\box31
\enitdp@description=\count102
) (Final_Report.aux)
\openout1 = `Final_Report.aux'.

LaTeX Font Info:    Checking defaults for OML/cmm/m/it on input line 14.
LaTeX Font Info:    ... okay on input line 14.
LaTeX Font Info:    Checking defaults for T1/cmr/m/n on input line 14.
LaTeX Font Info:    ... okay on input line 14.
LaTeX Font Info:    Checking defaults for OT1/cmr/m/n on input line 14.
LaTeX Font Info:    ... okay on input line 14.
LaTeX Font Info:    Checking defaults for OMS/cmsy/m/n on input line 14.
LaTeX Font Info:    ... okay on input line 14.
LaTeX Font Info:    Checking defaults for OMX/cmex/m/n on input line 14.
LaTeX Font Info:    ... okay on input line 14.
LaTeX Font Info:    Checking defaults for U/cmr/m/n on input line 14.
LaTeX Font Info:    ... okay on input line 14.

("C:\Users\kocyb_000\AppData\Local\Programs\MiKTeX 2.9\tex\context\base\supp-pd
f.mkii"
[Loading MPS to PDF converter (version 2006.09.02).]
\scratchcounter=\count103
\scratchdimen=\dimen117
\scratchbox=\box32
\nofMPsegments=\count104
\nofMParguments=\count105
\everyMPshowfont=\toks26
\MPscratchCnt=\count106
\MPscratchDim=\dimen118
\MPnumerator=\count107
\makeMPintoPDFobject=\count108
\everyMPtoPDFconversion=\toks27
)
("C:\Users\kocyb_000\AppData\Local\Programs\MiKTeX 2.9\tex\generic\oberdiek\pdf
texcmds.sty"
Package: pdftexcmds 2016/05/21 v0.22 Utility functions of pdfTeX for LuaTeX (HO
)

("C:\Users\kocyb_000\AppData\Local\Programs\MiKTeX 2.9\tex\generic\oberdiek\ifl
uatex.sty"
Package: ifluatex 2016/05/16 v1.4 Provides the ifluatex switch (HO)
Package ifluatex Info: LuaTeX not detected.
)
("C:\Users\kocyb_000\AppData\Local\Programs\MiKTeX 2.9\tex\generic\oberdiek\ifp
df.sty"
Package: ifpdf 2016/05/14 v3.1 Provides the ifpdf switch
)
Package pdftexcmds Info: LuaTeX not detected.
Package pdftexcmds Info: \pdf@primitive is available.
Package pdftexcmds Info: \pdf@ifprimitive is available.
Package pdftexcmds Info: \pdfdraftmode found.
)
("C:\Users\kocyb_000\AppData\Local\Programs\MiKTeX 2.9\tex\latex\oberdiek\epsto
pdf-base.sty"
Package: epstopdf-base 2016/05/15 v2.6 Base part for package epstopdf

("C:\Users\kocyb_000\AppData\Local\Programs\MiKTeX 2.9\tex\latex\oberdiek\grfex
t.sty"
Package: grfext 2016/05/16 v1.2 Manage graphics extensions (HO)

("C:\Users\kocyb_000\AppData\Local\Programs\MiKTeX 2.9\tex\generic\oberdiek\kvd
efinekeys.sty"
Package: kvdefinekeys 2016/05/16 v1.4 Define keys (HO)
))
("C:\Users\kocyb_000\AppData\Local\Programs\MiKTeX 2.9\tex\latex\oberdiek\kvopt
ions.sty"
Package: kvoptions 2016/05/16 v3.12 Key value format for package options (HO)

("C:\Users\kocyb_000\AppData\Local\Programs\MiKTeX 2.9\tex\generic\oberdiek\kvs
etkeys.sty"
Package: kvsetkeys 2016/05/16 v1.17 Key value parser (HO)

("C:\Users\kocyb_000\AppData\Local\Programs\MiKTeX 2.9\tex\generic\oberdiek\ete
xcmds.sty"
Package: etexcmds 2016/05/16 v1.6 Avoid name clashes with e-TeX commands (HO)
Package etexcmds Info: Could not find \expanded.
(etexcmds)             That can mean that you are not using pdfTeX 1.50 or
(etexcmds)             that some package has redefined \expanded.
(etexcmds)             In the latter case, load this package earlier.
)))
Package epstopdf-base Info: Redefining graphics rule for `.eps' on input line 4
38.
Package grfext Info: Graphics extension search list:
(grfext)             [.png,.pdf,.jpg,.mps,.jpeg,.jbig2,.jb2,.PNG,.PDF,.JPG,.JPE
G,.JBIG2,.JB2,.eps]
(grfext)             \AppendGraphicsExtensions on input line 456.
) <monash-university-logo.png, id=1, 401.5pt x 401.5pt>
File: monash-university-logo.png Graphic file (type png)

<use monash-university-logo.png>
Package pdftex.def Info: monash-university-logo.png used on input line 42.
(pdftex.def)             Requested size: 137.9979pt x 137.9969pt.
 [1

{C:/Users/kocyb_000/AppData/Local/MiKTeX/2.9/pdftex/config/pdftex.map} <./monas
h-university-logo.png>] (Final_Report.toc
LaTeX Font Info:    Try loading font information for U+msa on input line 4.

("C:\Users\kocyb_000\AppData\Local\Programs\MiKTeX 2.9\tex\latex\amsfonts\umsa.
fd"
File: umsa.fd 2013/01/14 v3.01 AMS symbols A
)
LaTeX Font Info:    Try loading font information for U+msb on input line 4.

("C:\Users\kocyb_000\AppData\Local\Programs\MiKTeX 2.9\tex\latex\amsfonts\umsb.
fd"
File: umsb.fd 2013/01/14 v3.01 AMS symbols B
))
\tf@toc=\write3
\openout3 = `Final_Report.toc'.

 [1] [2]
Underfull \hbox (badness 10000) in paragraph at lines 70--71

 []


Underfull \hbox (badness 10000) in paragraph at lines 70--71

 []


Underfull \hbox (badness 10000) in paragraph at lines 72--73

 []


Underfull \hbox (badness 10000) in paragraph at lines 72--73

 []


Underfull \hbox (badness 10000) in paragraph at lines 74--75

 []


Underfull \hbox (badness 10000) in paragraph at lines 74--75

 []


Underfull \hbox (badness 10000) in paragraph at lines 76--77

 []


Underfull \hbox (badness 10000) in paragraph at lines 76--77

 []


Underfull \hbox (badness 10000) in paragraph at lines 78--79

 []


Underfull \hbox (badness 10000) in paragraph at lines 78--79

 []


Underfull \hbox (badness 10000) in paragraph at lines 85--86

 []


Underfull \hbox (badness 10000) in paragraph at lines 85--86

 []

[3]
Underfull \hbox (badness 10000) in paragraph at lines 87--88

 []


Underfull \hbox (badness 10000) in paragraph at lines 87--88

 []


Underfull \hbox (badness 10000) in paragraph at lines 95--96

 []


Underfull \hbox (badness 10000) in paragraph at lines 95--96

 []


Underfull \hbox (badness 10000) in paragraph at lines 97--98

 []


Underfull \hbox (badness 10000) in paragraph at lines 97--98

 []


Underfull \hbox (badness 10000) in paragraph at lines 99--100

 []


Underfull \hbox (badness 10000) in paragraph at lines 99--100

 []

[4]
Underfull \hbox (badness 10000) in paragraph at lines 105--107

 []


Underfull \hbox (badness 10000) in paragraph at lines 105--107

 []


Underfull \hbox (badness 10000) in paragraph at lines 108--110

 []


Underfull \hbox (badness 10000) in paragraph at lines 108--110

 []


Underfull \hbox (badness 10000) in paragraph at lines 108--110

 []


Underfull \hbox (badness 10000) in paragraph at lines 111--114

 []


Underfull \hbox (badness 10000) in paragraph at lines 111--114

 []


Underfull \hbox (badness 10000) in paragraph at lines 111--114

 []


Underfull \hbox (badness 10000) in paragraph at lines 115--118

 []


Underfull \hbox (badness 10000) in paragraph at lines 115--118

 []


Underfull \hbox (badness 10000) in paragraph at lines 115--118

 []

<backgroundpic1.png, id=25, 403.5075pt x 201.00093pt>
File: backgroundpic1.png Graphic file (type png)
 <use backgroundpic1.png>
Package pdftex.def Info: backgroundpic1.png used on input line 120.
(pdftex.def)             Requested size: 310.4979pt x 154.66997pt.


LaTeX Warning: `!h' float specifier changed to `!ht'.


Underfull \hbox (badness 10000) in paragraph at lines 129--131

 []


Underfull \hbox (badness 10000) in paragraph at lines 129--131

 []

[5] <backgroundpic2.png, id=29, 344.03531pt x 219.82124pt>
File: backgroundpic2.png Graphic file (type png)

<use backgroundpic2.png>
Package pdftex.def Info: backgroundpic2.png used on input line 133.
(pdftex.def)             Requested size: 310.4979pt x 198.39407pt.


LaTeX Warning: `!h' float specifier changed to `!ht'.

[6 <./backgroundpic1.png>]
Overfull \hbox (6.82002pt too wide) in paragraph at lines 146--148
\OT1/cmr/m/n/10 The database used in this in-ves-ti-ga-tion comes from the Glob
al Ter-ror-ism Database
 []


Underfull \hbox (badness 10000) in paragraph at lines 146--148

 []


Underfull \hbox (badness 10000) in paragraph at lines 146--148

 []


Underfull \hbox (badness 10000) in paragraph at lines 150--153

 []

[7 <./backgroundpic2.png>]
Underfull \hbox (badness 10000) in paragraph at lines 156--158

 []

LaTeX Font Info:    Try loading font information for OMS+cmr on input line 158.

("C:\Users\kocyb_000\AppData\Local\Programs\MiKTeX 2.9\tex\latex\base\omscmr.fd
"
File: omscmr.fd 2014/09/29 v2.5h Standard LaTeX font definitions
)
LaTeX Font Info:    Font shape `OMS/cmr/m/n' in size <10> not available
(Font)              Font shape `OMS/cmsy/m/n' tried instead on input line 158.
 <Plots/Top25countriesbydeaths.png, id=37, 775.39688pt x 431.36156pt>
File: Plots/Top25countriesbydeaths.png Graphic file (type png)

<use Plots/Top25countriesbydeaths.png>
Package pdftex.def Info: Plots/Top25countriesbydeaths.png used on input line 16
7.
(pdftex.def)             Requested size: 276.00105pt x 153.54579pt.

<Plots/NewsData/ArticlesByMonth.png, id=38, 668.4975pt x 524.71031pt>
File: Plots/NewsData/ArticlesByMonth.png Graphic file (type png)

<use Plots/NewsData/ArticlesByMonth.png>
Package pdftex.def Info: Plots/NewsData/ArticlesByMonth.png used on input line 
177.
(pdftex.def)             Requested size: 276.00105pt x 216.63782pt.

<Plots/NewsData/ArticlesByYear.png, id=39, 668.4975pt x 524.71031pt>
File: Plots/NewsData/ArticlesByYear.png Graphic file (type png)

<use Plots/NewsData/ArticlesByYear.png>
Package pdftex.def Info: Plots/NewsData/ArticlesByYear.png used on input line 1
82.
(pdftex.def)             Requested size: 276.00105pt x 216.63782pt.
 [8 <./Plots/Top25countriesbydeaths.png>] <Plots/NewsData/AttackNewsData.png, i
d=46, 714.41907pt x 569.12625pt>
File: Plots/NewsData/AttackNewsData.png Graphic file (type png)

<use Plots/NewsData/AttackNewsData.png>
Package pdftex.def Info: Plots/NewsData/AttackNewsData.png used on input line 1
88.
(pdftex.def)             Requested size: 276.00105pt x 219.86546pt.
 [9 <./Plots/NewsData/ArticlesByMonth.png>] [10 <./Plots/NewsData/ArticlesByYea
r.png> <./Plots/NewsData/AttackNewsData.png>] <Plots/AttackType/Attacks.png, id
=56, 714.41907pt x 569.12625pt>
File: Plots/AttackType/Attacks.png Graphic file (type png)

<use Plots/AttackType/Attacks.png>
Package pdftex.def Info: Plots/AttackType/Attacks.png used on input line 199.
(pdftex.def)             Requested size: 276.00105pt x 219.86546pt.

<Plots/AttackType/AttackTypeWesternCountries.png, id=57, 714.41907pt x 569.1262
5pt>
File: Plots/AttackType/AttackTypeWesternCountries.png Graphic file (type png)
 <use Plots/AttackType/AttackTypeWesternCountries.png>
Package pdftex.def Info: Plots/AttackType/AttackTypeWesternCountries.png used o
n input line 204.
(pdftex.def)             Requested size: 276.00105pt x 219.86546pt.

<Plots/AttackType/Deaths.png, id=58, 714.41907pt x 637.63219pt>
File: Plots/AttackType/Deaths.png Graphic file (type png)

<use Plots/AttackType/Deaths.png>
Package pdftex.def Info: Plots/AttackType/Deaths.png used on input line 209.
(pdftex.def)             Requested size: 276.00105pt x 246.33075pt.

<Plots/AttackType/Global.png, id=59, 714.41907pt x 637.63219pt>
File: Plots/AttackType/Global.png Graphic file (type png)

<use Plots/AttackType/Global.png>
Package pdftex.def Info: Plots/AttackType/Global.png used on input line 214.
(pdftex.def)             Requested size: 276.00105pt x 246.33075pt.
 [11 <./Plots/AttackType/Attacks.png> <./Plots/AttackType/AttackTypeWesternCoun
tries.png>]
<Plots/AttackType/Top6.png, id=65, 714.41907pt x 637.63219pt>
File: Plots/AttackType/Top6.png Graphic file (type png)

<use Plots/AttackType/Top6.png>
Package pdftex.def Info: Plots/AttackType/Top6.png used on input line 219.
(pdftex.def)             Requested size: 276.00105pt x 246.33075pt.
 [12 <./Plots/AttackType/Deaths.png> <./Plots/AttackType/Global.png>]
<Plots/OverTime/Attacks_over_time_grouped_by_deaths.png, id=72, 775.39688pt x 4
31.36156pt>
File: Plots/OverTime/Attacks_over_time_grouped_by_deaths.png Graphic file (type
 png)
 <use Plots/OverTime/Attacks_over_time_grouped_by_deaths.png>
Package pdftex.def Info: Plots/OverTime/Attacks_over_time_grouped_by_deaths.png
 used on input line 228.
(pdftex.def)             Requested size: 276.00105pt x 153.54579pt.

<Plots/OverTime/Successes_vs_Attempts_by_Year.png, id=73, 633.86812pt x 431.361
56pt>
File: Plots/OverTime/Successes_vs_Attempts_by_Year.png Graphic file (type png)
 <use Plots/OverTime/Successes_vs_Attempts_by_Year.png>
Package pdftex.def Info: Plots/OverTime/Successes_vs_Attempts_by_Year.png used 
on input line 238.
(pdftex.def)             Requested size: 276.00105pt x 187.83163pt.

<Plots/OverTime/Top6SuccessVsAttempts.png, id=74, 1193.20781pt x 632.3625pt>
File: Plots/OverTime/Top6SuccessVsAttempts.png Graphic file (type png)

<use Plots/OverTime/Top6SuccessVsAttempts.png>
Package pdftex.def Info: Plots/OverTime/Top6SuccessVsAttempts.png used on input
 line 243.
(pdftex.def)             Requested size: 276.00105pt x 146.27013pt.
 [13 <./Plots/AttackType/Top6.png> <./Plots/OverTime/Attacks_over_time_grouped_
by_deaths.png (PNG copy)>]
<Plots/OverTime/WesternSuccessVsAttempts.png, id=79, 1193.20781pt x 632.3625pt>
File: Plots/OverTime/WesternSuccessVsAttempts.png Graphic file (type png)
<use Plots/OverTime/WesternSuccessVsAttempts.png>
Package pdftex.def Info: Plots/OverTime/WesternSuccessVsAttempts.png used on in
put line 248.
(pdftex.def)             Requested size: 276.00105pt x 146.27013pt.
 [14 <./Plots/OverTime/Successes_vs_Attempts_by_Year.png> <./Plots/OverTime/Top
6SuccessVsAttempts.png>]
Underfull \hbox (badness 10000) in paragraph at lines 257--264

 []


Underfull \hbox (badness 10000) in paragraph at lines 257--264

 []


Underfull \hbox (badness 10000) in paragraph at lines 257--264

 []

[15 <./Plots/OverTime/WesternSuccessVsAttempts.png>]
Underfull \hbox (badness 10000) in paragraph at lines 268--277

 []


Underfull \hbox (badness 10000) in paragraph at lines 268--277

 []


Underfull \hbox (badness 10000) in paragraph at lines 268--277

 []

[16]
Underfull \hbox (badness 10000) in paragraph at lines 280--298

 []


Underfull \hbox (badness 10000) in paragraph at lines 280--298

 []


Underfull \hbox (badness 10000) in paragraph at lines 280--298

 []


Underfull \hbox (badness 10000) in paragraph at lines 280--298

 []


Underfull \hbox (badness 10000) in paragraph at lines 306--317

 []


Underfull \hbox (badness 10000) in paragraph at lines 306--317

 []


Underfull \hbox (badness 10000) in paragraph at lines 306--317

 []


Underfull \hbox (badness 10000) in paragraph at lines 306--317

 []

[17]
Underfull \hbox (badness 10000) in paragraph at lines 319--344

 []


Underfull \hbox (badness 10000) in paragraph at lines 319--344

 []


Underfull \hbox (badness 10000) in paragraph at lines 319--344

 []


Underfull \hbox (badness 10000) in paragraph at lines 319--344

 []


Underfull \hbox (badness 10000) in paragraph at lines 319--344

 []


Underfull \hbox (badness 10000) in paragraph at lines 319--344

 []

[18] [19]
Underfull \hbox (badness 10000) in paragraph at lines 353--361

 []


Underfull \hbox (badness 10000) in paragraph at lines 353--361

 []

[20]
Underfull \hbox (badness 10000) in paragraph at lines 375--376
[]\OT1/cmr/m/n/10 Cornell Law. (n.d.). 18 U.S Code. Re-trieved from
 []


Underfull \hbox (badness 10000) in paragraph at lines 386--388
[]\OT1/cmr/m/n/10 FBI. (2002). Ter-ror-ism 2002 - 2005. Re-trieved from
 []


Underfull \hbox (badness 10000) in paragraph at lines 390--392
[]\OT1/cmr/m/n/10 FEMA. (2013, July 25). Ter-ror-ism. Re-trieved from FEMA.gov:

 []


Underfull \hbox (badness 10000) in paragraph at lines 390--392
\OT1/cmr/m/n/10 https://www.fema.gov/media-library-data/20130726-1549-20490-
 []


Overfull \hbox (1.94528pt too wide) in paragraph at lines 397--399
\OT1/cmr/m/n/10 http://www.terrorismanalysts.com/pt/index.php/pot/article/view/
89/html 
 []


Underfull \hbox (badness 10000) in paragraph at lines 401--403
[]\OT1/cmr/m/n/10 LaFree, G., & Dugan, L. (2004). How does study-ing ter-
 []


Underfull \hbox (badness 10000) in paragraph at lines 401--403
\OT1/cmr/m/n/10 ror-ism com-pare to study-ing crime? Re-trieved from Ter-ror-
 []


Underfull \hbox (badness 7522) in paragraph at lines 401--403
\OT1/cmr/m/n/10 ism and Counter-Terrorism (So-ci-ol-ogy of Crime, Law and De-
 []


Underfull \hbox (badness 1571) in paragraph at lines 401--403
\OT1/cmr/m/n/10 viance, Vol-ume 5) Emer-ald Group Pub-lish-ing Lim-ited, pp.53 
- 74:
 []


Underfull \hbox (badness 5147) in paragraph at lines 405--407
[]\OT1/cmr/m/n/10 Lafree, G., & Dugan, L. (2007). In-tro-duc-ing the Global Ter
-
 []


Underfull \hbox (badness 3557) in paragraph at lines 405--407
\OT1/cmr/m/n/10 ror-ism Database. Re-trieved from Ter-ror-ism and Po-lit-i-cal 
Vi-o-lence:
 []


Underfull \hbox (badness 3108) in paragraph at lines 409--411
[]\OT1/cmr/m/n/10 LaFree, G., Dugan, L., & Scott, J. (2006). Build-ing a Global

 []


Underfull \hbox (badness 10000) in paragraph at lines 409--411
\OT1/cmr/m/n/10 ter-ror-ism Database. Re-trieved from Uni-ver-sity of Mary-land
:
 []


Underfull \hbox (badness 6268) in paragraph at lines 424--426
[]\OT1/cmr/m/n/10 Desilver, D. (2013). \OT1/cmr/m/it/10 U.S. spends over \OT1/c
mr/m/sl/10 $\OT1/cmr/m/it/10 16 bil-lion an-nu-ally on
 []


Underfull \hbox (badness 10000) in paragraph at lines 424--426
\OT1/cmr/m/it/10 counter-terrorism\OT1/cmr/m/n/10 . Re-trieved from http://www.
pewresearch.org/fact-
 []

[21] [22] (Final_Report.aux) ) 
Here is how much of TeX's memory you used:
 3870 strings out of 493335
 57238 string characters out of 3128498
 141458 words of memory out of 3000000
 7314 multiletter control sequences out of 15000+200000
 8162 words of font info for 31 fonts, out of 3000000 for 9000
 1141 hyphenation exceptions out of 8191
 49i,5n,39p,988b,285s stack positions out of 5000i,500n,10000p,200000b,50000s
<C:/Users/kocyb_000/AppData/Local/Programs/MiKTeX
 2.9/fonts/type1/public/amsfonts/cm/cmbx10.pfb><C:/Users/kocyb_000/AppData/Loca
l/Programs/MiKTeX 2.9/fonts/type1/public/amsfonts/cm/cmbx12.pfb><C:/Users/kocyb
_000/AppData/Local/Programs/MiKTeX 2.9/fonts/type1/public/amsfonts/cm/cmr10.pfb
><C:/Users/kocyb_000/AppData/Local/Programs/MiKTeX 2.9/fonts/type1/public/amsfo
nts/cm/cmr12.pfb><C:/Users/kocyb_000/AppData/Local/Programs/MiKTeX 2.9/fonts/ty
pe1/public/amsfonts/cm/cmr17.pfb><C:/Users/kocyb_000/AppData/Local/Programs/MiK
TeX 2.9/fonts/type1/public/amsfonts/cm/cmsl10.pfb><C:/Users/kocyb_000/AppData/L
ocal/Programs/MiKTeX 2.9/fonts/type1/public/amsfonts/cm/cmsy10.pfb><C:/Users/ko
cyb_000/AppData/Local/Programs/MiKTeX 2.9/fonts/type1/public/amsfonts/cm/cmti10
.pfb>
Output written on Final_Report.pdf (23 pages, 413693 bytes).
PDF statistics:
 138 PDF objects out of 1000 (max. 8388607)
 0 named destinations out of 1000 (max. 500000)
 81 words of extra memory for PDF output out of 10000 (max. 10000000)

